<?xml version="1.0" encoding="UTF-8"?>
<!-- Generated by org.testng.reporters.JUnitReportReporter -->
<testsuite skipped="0" hostname="Sidharth" name="com.ap.testcases.CheckOrderHistory" tests="5" failures="0" timestamp="2020-11-10T04:33:25 IST" time="60.697" errors="0">
  <testcase name="fetchOrderDetails" time="0.011" classname="com.ap.testcases.CheckOrderHistory"/>
  <system-out/>
  <testcase name="loginUser" time="6.511" classname="com.ap.testcases.CheckOrderHistory"/>
  <system-out/>
  <testcase name="addAddress" time="15.952" classname="com.ap.testcases.CheckOrderHistory"/>
  <system-out/>
  <testcase name="selectProduct" time="23.880" classname="com.ap.testcases.CheckOrderHistory"/>
  <system-out/>
  <testcase name="checkoutProduct" time="14.343" classname="com.ap.testcases.CheckOrderHistory"/>
  <system-out/>
</testsuite> <!-- com.ap.testcases.CheckOrderHistory -->
