<?xml version="1.0" encoding="UTF-8"?>
<!-- Generated by org.testng.reporters.JUnitReportReporter -->
<testsuite skipped="0" hostname="Sidharth" name="com.ap.testcases.CheckOrderHistory" tests="5" failures="0" timestamp="2020-11-10T07:53:01 IST" time="88.465" errors="0">
  <testcase name="fetchOrderDetails" time="0.009" classname="com.ap.testcases.CheckOrderHistory"/>
  <system-out/>
  <testcase name="loginUser" time="9.112" classname="com.ap.testcases.CheckOrderHistory"/>
  <system-out/>
  <testcase name="addAddress" time="13.291" classname="com.ap.testcases.CheckOrderHistory"/>
  <system-out/>
  <testcase name="selectProduct" time="23.970" classname="com.ap.testcases.CheckOrderHistory"/>
  <system-out/>
  <testcase name="checkoutProduct" time="42.083" classname="com.ap.testcases.CheckOrderHistory"/>
  <system-out/>
</testsuite> <!-- com.ap.testcases.CheckOrderHistory -->
